<?xml version="1.0" encoding="UTF-8"?>
<!-- Generated by org.testng.reporters.JUnitXMLReporter -->
<testsuite hostname="Alfifc" ignored="0" name="Default test" tests="2" failures="0" timestamp="21 Apr 2022 18:09:16 GMT" time="6.689" errors="0">
  <testcase name="testSuccessRegisterAPI" time="5.037" classname="qaautomation.march2022.APITestTugasLima"/>
  <testcase name="testRegisterAlreadyRegistered" time="1.454" classname="qaautomation.march2022.APITestTugasLima"/>
</testsuite> <!-- Default test -->
