<?xml version="1.0" encoding="UTF-8"?>
<!-- Generated by org.testng.reporters.JUnitXMLReporter -->
<testsuite hostname="Alfifc" ignored="0" name="Test" tests="11" failures="0" timestamp="16 Apr 2022 06:50:22 GMT" time="62.879" errors="0">
  <testcase name="test2" time="0.172" classname="qaautomation.march2022.AppTestAfterRefactor"/>
  <testcase name="test" time="0.987" classname="qaautomation.march2022.AppTestAfterRefactor"/>
  <testcase name="test3" time="0.169" classname="qaautomation.march2022.AppTestAfterRefactor"/>
  <testcase name="test" time="0.883" classname="qaautomation.march2022.AppTest"/>
  <testcase name="loginToWebAndSuccess" time="0.973" classname="qaautomation.march2022.AppTestAfterPom"/>
  <testcase name="loginInvalidUsername" time="1.142" classname="qaautomation.march2022.AppTestAfterPom"/>
  <testcase name="loginInvalidPassword" time="0.975" classname="qaautomation.march2022.AppTestAfterPageFactory"/>
  <testcase name="loginToWebNotClickingLoginButton" time="0.25" classname="qaautomation.march2022.AppTestAfterPom"/>
  <testcase name="loginInvalidUsername" time="0.879" classname="qaautomation.march2022.AppTestAfterPageFactory"/>
  <testcase name="loginToWebAndSuccess" time="0.823" classname="qaautomation.march2022.AppTestAfterPageFactory"/>
  <testcase name="loginToWebNotClickingLoginButton" time="0.152" classname="qaautomation.march2022.AppTestAfterPageFactory"/>
</testsuite> <!-- Test -->
