<?xml version="1.0" encoding="UTF-8"?>
<!-- Generated by org.testng.reporters.JUnitXMLReporter -->
<testsuite hostname="Alfifc" ignored="0" name="Test" tests="11" failures="0" timestamp="22 Apr 2022 08:23:31 GMT" time="53.095" errors="0">
  <testcase name="test2" time="0.27" classname="qaautomation.march2022.AppTestAfterRefactor"/>
  <testcase name="test" time="0.852" classname="qaautomation.march2022.AppTestAfterRefactor"/>
  <testcase name="test3" time="0.158" classname="qaautomation.march2022.AppTestAfterRefactor"/>
  <testcase name="test" time="0.829" classname="qaautomation.march2022.AppTest"/>
  <testcase name="loginInvalidUsername" time="0.976" classname="qaautomation.march2022.AppTestAfterPom"/>
  <testcase name="loginToWebAndSuccess" time="0.925" classname="qaautomation.march2022.AppTestAfterPom"/>
  <testcase name="loginToWebNotClickingLoginButton" time="0.233" classname="qaautomation.march2022.AppTestAfterPom"/>
  <testcase name="loginInvalidPassword" time="0.843" classname="qaautomation.march2022.AppTestAfterPageFactory"/>
  <testcase name="loginInvalidUsername" time="0.831" classname="qaautomation.march2022.AppTestAfterPageFactory"/>
  <testcase name="loginToWebAndSuccess" time="0.836" classname="qaautomation.march2022.AppTestAfterPageFactory"/>
  <testcase name="loginToWebNotClickingLoginButton" time="0.153" classname="qaautomation.march2022.AppTestAfterPageFactory"/>
</testsuite> <!-- Test -->
