<?xml version="1.0" encoding="UTF-8"?>
<testng-results skipped="0" failed="0" ignored="0" total="2" passed="2">
  <reporter-output>
  </reporter-output>
  <suite name="Default suite" duration-ms="6689" started-at="2022-04-21T18:09:09Z" finished-at="2022-04-21T18:09:16Z">
    <groups>
    </groups>
    <test name="Default test" duration-ms="6689" started-at="2022-04-21T18:09:09Z" finished-at="2022-04-21T18:09:16Z">
      <class name="qaautomation.march2022.APITestTugasLima">
        <test-method status="PASS" signature="testSuccessRegisterAPI()[pri:1, instance:qaautomation.march2022.APITestTugasLima@7f1302d6]" name="testSuccessRegisterAPI" duration-ms="5037" started-at="2022-04-21T18:09:09Z" finished-at="2022-04-21T18:09:14Z">
          <reporter-output>
          </reporter-output>
        </test-method> <!-- testSuccessRegisterAPI -->
        <test-method status="PASS" signature="testRegisterAlreadyRegistered()[pri:2, instance:qaautomation.march2022.APITestTugasLima@7f1302d6]" name="testRegisterAlreadyRegistered" duration-ms="1454" started-at="2022-04-21T18:09:14Z" finished-at="2022-04-21T18:09:16Z">
          <reporter-output>
          </reporter-output>
        </test-method> <!-- testRegisterAlreadyRegistered -->
      </class> <!-- qaautomation.march2022.APITestTugasLima -->
    </test> <!-- Default test -->
  </suite> <!-- Default suite -->
</testng-results>
