<?xml version="1.0" encoding="UTF-8"?>
<testng-results skipped="0" failed="0" ignored="0" total="5" passed="5">
  <reporter-output>
  </reporter-output>
  <suite name="Suite" duration-ms="19396" started-at="2022-05-09T07:16:25Z" finished-at="2022-05-09T07:16:45Z">
    <groups>
    </groups>
    <test name="Test" duration-ms="19396" started-at="2022-05-09T07:16:25Z" finished-at="2022-05-09T07:16:45Z">
      <class name="qaautomation.march2022.APITest">
        <test-method status="PASS" signature="testLoginAPI()[pri:1, instance:qaautomation.march2022.APITest@7a1a14a4]" name="testLoginAPI" duration-ms="3682" started-at="2022-05-09T07:16:39Z" finished-at="2022-05-09T07:16:43Z">
          <reporter-output>
          </reporter-output>
        </test-method> <!-- testLoginAPI -->
        <test-method status="PASS" signature="testDashboardAPI()[pri:2, instance:qaautomation.march2022.APITest@7a1a14a4]" name="testDashboardAPI" duration-ms="1928" started-at="2022-05-09T07:16:43Z" finished-at="2022-05-09T07:16:45Z">
          <reporter-output>
          </reporter-output>
        </test-method> <!-- testDashboardAPI -->
      </class> <!-- qaautomation.march2022.APITest -->
      <class name="qaautomation.march2022.APITestAfterRefactor">
        <test-method status="PASS" signature="login()[pri:0, instance:qaautomation.march2022.APITestAfterRefactor@7b420819]" name="login" is-config="true" duration-ms="4720" started-at="2022-05-09T07:16:25Z" finished-at="2022-05-09T07:16:30Z">
          <reporter-output>
          </reporter-output>
        </test-method> <!-- login -->
        <test-method status="PASS" signature="testDashboardAPI()[pri:0, instance:qaautomation.march2022.APITestAfterRefactor@7b420819]" name="testDashboardAPI" duration-ms="2026" started-at="2022-05-09T07:16:30Z" finished-at="2022-05-09T07:16:32Z">
          <reporter-output>
          </reporter-output>
        </test-method> <!-- testDashboardAPI -->
        <test-method status="PASS" signature="login()[pri:0, instance:qaautomation.march2022.APITestAfterRefactor@7b420819]" name="login" is-config="true" duration-ms="2284" started-at="2022-05-09T07:16:32Z" finished-at="2022-05-09T07:16:34Z">
          <reporter-output>
          </reporter-output>
        </test-method> <!-- login -->
        <test-method status="PASS" signature="testDashboardWithoutParam()[pri:0, instance:qaautomation.march2022.APITestAfterRefactor@7b420819]" name="testDashboardWithoutParam" duration-ms="1548" started-at="2022-05-09T07:16:34Z" finished-at="2022-05-09T07:16:36Z">
          <reporter-output>
          </reporter-output>
        </test-method> <!-- testDashboardWithoutParam -->
        <test-method status="PASS" signature="login()[pri:0, instance:qaautomation.march2022.APITestAfterRefactor@7b420819]" name="login" is-config="true" duration-ms="1781" started-at="2022-05-09T07:16:36Z" finished-at="2022-05-09T07:16:38Z">
          <reporter-output>
          </reporter-output>
        </test-method> <!-- login -->
        <test-method status="PASS" signature="testDashboardWithoutToken()[pri:0, instance:qaautomation.march2022.APITestAfterRefactor@7b420819]" name="testDashboardWithoutToken" duration-ms="1274" started-at="2022-05-09T07:16:38Z" finished-at="2022-05-09T07:16:39Z">
          <reporter-output>
          </reporter-output>
        </test-method> <!-- testDashboardWithoutToken -->
      </class> <!-- qaautomation.march2022.APITestAfterRefactor -->
    </test> <!-- Test -->
  </suite> <!-- Suite -->
</testng-results>
